{"total": {"lines":{"total":276,"covered":56,"skipped":0,"pct":20.28},"statements":{"total":321,"covered":69,"skipped":0,"pct":21.49},"functions":{"total":51,"covered":7,"skipped":0,"pct":13.72},"branches":{"total":63,"covered":1,"skipped":0,"pct":1.58},"branchesTrue":{"total":0,"covered":0,"skipped":0,"pct":100}}
,"C:\\Users\\Usuario\\Desktop\\smart-campus-module-3\\apps\\notification-service\\src\\app.module.ts": {"lines":{"total":17,"covered":0,"skipped":0,"pct":0},"functions":{"total":1,"covered":0,"skipped":0,"pct":0},"statements":{"total":19,"covered":0,"skipped":0,"pct":0},"branches":{"total":1,"covered":0,"skipped":0,"pct":0}}
,"C:\\Users\\Usuario\\Desktop\\smart-campus-module-3\\apps\\notification-service\\src\\main.ts": {"lines":{"total":16,"covered":0,"skipped":0,"pct":0},"functions":{"total":1,"covered":0,"skipped":0,"pct":0},"statements":{"total":16,"covered":0,"skipped":0,"pct":0},"branches":{"total":4,"covered":0,"skipped":0,"pct":0}}
,"C:\\Users\\Usuario\\Desktop\\smart-campus-module-3\\apps\\notification-service\\src\\cache\\redis.module.ts": {"lines":{"total":3,"covered":0,"skipped":0,"pct":0},"functions":{"total":0,"covered":0,"skipped":0,"pct":100},"statements":{"total":5,"covered":0,"skipped":0,"pct":0},"branches":{"total":0,"covered":0,"skipped":0,"pct":100}}
,"C:\\Users\\Usuario\\Desktop\\smart-campus-module-3\\apps\\notification-service\\src\\cache\\redis.service.ts": {"lines":{"total":9,"covered":3,"skipped":0,"pct":33.33},"functions":{"total":6,"covered":0,"skipped":0,"pct":0},"statements":{"total":11,"covered":5,"skipped":0,"pct":45.45},"branches":{"total":4,"covered":0,"skipped":0,"pct":0}}
,"C:\\Users\\Usuario\\Desktop\\smart-campus-module-3\\apps\\notification-service\\src\\health\\health.controller.ts": {"lines":{"total":4,"covered":4,"skipped":0,"pct":100},"functions":{"total":1,"covered":1,"skipped":0,"pct":100},"statements":{"total":6,"covered":6,"skipped":0,"pct":100},"branches":{"total":0,"covered":0,"skipped":0,"pct":100}}
,"C:\\Users\\Usuario\\Desktop\\smart-campus-module-3\\apps\\notification-service\\src\\health\\health.module.ts": {"lines":{"total":3,"covered":0,"skipped":0,"pct":0},"functions":{"total":0,"covered":0,"skipped":0,"pct":100},"statements":{"total":5,"covered":0,"skipped":0,"pct":0},"branches":{"total":0,"covered":0,"skipped":0,"pct":100}}
,"C:\\Users\\Usuario\\Desktop\\smart-campus-module-3\\apps\\notification-service\\src\\kafka\\kafka-consumer.service.ts": {"lines":{"total":25,"covered":0,"skipped":0,"pct":0},"functions":{"total":4,"covered":0,"skipped":0,"pct":0},"statements":{"total":27,"covered":0,"skipped":0,"pct":0},"branches":{"total":10,"covered":0,"skipped":0,"pct":0}}
,"C:\\Users\\Usuario\\Desktop\\smart-campus-module-3\\apps\\notification-service\\src\\kafka\\kafka.module.ts": {"lines":{"total":5,"covered":0,"skipped":0,"pct":0},"functions":{"total":0,"covered":0,"skipped":0,"pct":100},"statements":{"total":7,"covered":0,"skipped":0,"pct":0},"branches":{"total":0,"covered":0,"skipped":0,"pct":100}}
,"C:\\Users\\Usuario\\Desktop\\smart-campus-module-3\\apps\\notification-service\\src\\metrics\\metrics.controller.ts": {"lines":{"total":6,"covered":6,"skipped":0,"pct":100},"functions":{"total":2,"covered":2,"skipped":0,"pct":100},"statements":{"total":8,"covered":8,"skipped":0,"pct":100},"branches":{"total":0,"covered":0,"skipped":0,"pct":100}}
,"C:\\Users\\Usuario\\Desktop\\smart-campus-module-3\\apps\\notification-service\\src\\metrics\\metrics.module.ts": {"lines":{"total":5,"covered":0,"skipped":0,"pct":0},"functions":{"total":0,"covered":0,"skipped":0,"pct":100},"statements":{"total":7,"covered":0,"skipped":0,"pct":0},"branches":{"total":0,"covered":0,"skipped":0,"pct":100}}
,"C:\\Users\\Usuario\\Desktop\\smart-campus-module-3\\apps\\notification-service\\src\\metrics\\metrics.service.ts": {"lines":{"total":8,"covered":4,"skipped":0,"pct":50},"functions":{"total":2,"covered":0,"skipped":0,"pct":0},"statements":{"total":10,"covered":6,"skipped":0,"pct":60},"branches":{"total":0,"covered":0,"skipped":0,"pct":100}}
,"C:\\Users\\Usuario\\Desktop\\smart-campus-module-3\\apps\\notification-service\\src\\notifications\\notifications.controller.ts": {"lines":{"total":17,"covered":0,"skipped":0,"pct":0},"functions":{"total":7,"covered":0,"skipped":0,"pct":0},"statements":{"total":19,"covered":0,"skipped":0,"pct":0},"branches":{"total":0,"covered":0,"skipped":0,"pct":100}}
,"C:\\Users\\Usuario\\Desktop\\smart-campus-module-3\\apps\\notification-service\\src\\notifications\\notifications.module.ts": {"lines":{"total":8,"covered":0,"skipped":0,"pct":0},"functions":{"total":0,"covered":0,"skipped":0,"pct":100},"statements":{"total":10,"covered":0,"skipped":0,"pct":0},"branches":{"total":0,"covered":0,"skipped":0,"pct":100}}
,"C:\\Users\\Usuario\\Desktop\\smart-campus-module-3\\apps\\notification-service\\src\\notifications\\notifications.service.ts": {"lines":{"total":31,"covered":18,"skipped":0,"pct":58.06},"functions":{"total":10,"covered":4,"skipped":0,"pct":40},"statements":{"total":33,"covered":20,"skipped":0,"pct":60.6},"branches":{"total":4,"covered":1,"skipped":0,"pct":25}}
,"C:\\Users\\Usuario\\Desktop\\smart-campus-module-3\\apps\\notification-service\\src\\notifications\\entities\\notification-preference.entity.ts": {"lines":{"total":8,"covered":0,"skipped":0,"pct":0},"functions":{"total":0,"covered":0,"skipped":0,"pct":100},"statements":{"total":10,"covered":0,"skipped":0,"pct":0},"branches":{"total":0,"covered":0,"skipped":0,"pct":100}}
,"C:\\Users\\Usuario\\Desktop\\smart-campus-module-3\\apps\\notification-service\\src\\notifications\\entities\\notification.entity.ts": {"lines":{"total":13,"covered":13,"skipped":0,"pct":100},"functions":{"total":0,"covered":0,"skipped":0,"pct":100},"statements":{"total":15,"covered":15,"skipped":0,"pct":100},"branches":{"total":0,"covered":0,"skipped":0,"pct":100}}
,"C:\\Users\\Usuario\\Desktop\\smart-campus-module-3\\apps\\notification-service\\src\\rabbitmq\\rabbitmq.module.ts": {"lines":{"total":5,"covered":0,"skipped":0,"pct":0},"functions":{"total":0,"covered":0,"skipped":0,"pct":100},"statements":{"total":7,"covered":0,"skipped":0,"pct":0},"branches":{"total":0,"covered":0,"skipped":0,"pct":100}}
,"C:\\Users\\Usuario\\Desktop\\smart-campus-module-3\\apps\\notification-service\\src\\rabbitmq\\rabbitmq.service.ts": {"lines":{"total":47,"covered":0,"skipped":0,"pct":0},"functions":{"total":9,"covered":0,"skipped":0,"pct":0},"statements":{"total":57,"covered":0,"skipped":0,"pct":0},"branches":{"total":27,"covered":0,"skipped":0,"pct":0}}
,"C:\\Users\\Usuario\\Desktop\\smart-campus-module-3\\apps\\notification-service\\src\\websocket\\notifications.gateway.ts": {"lines":{"total":43,"covered":8,"skipped":0,"pct":18.6},"functions":{"total":8,"covered":0,"skipped":0,"pct":0},"statements":{"total":44,"covered":9,"skipped":0,"pct":20.45},"branches":{"total":13,"covered":0,"skipped":0,"pct":0}}
,"C:\\Users\\Usuario\\Desktop\\smart-campus-module-3\\apps\\notification-service\\src\\websocket\\websocket.module.ts": {"lines":{"total":3,"covered":0,"skipped":0,"pct":0},"functions":{"total":0,"covered":0,"skipped":0,"pct":100},"statements":{"total":5,"covered":0,"skipped":0,"pct":0},"branches":{"total":0,"covered":0,"skipped":0,"pct":100}}
}
