{"total": {"lines":{"total":372,"covered":118,"skipped":0,"pct":31.72},"statements":{"total":438,"covered":137,"skipped":0,"pct":31.27},"functions":{"total":63,"covered":12,"skipped":0,"pct":19.04},"branches":{"total":94,"covered":11,"skipped":0,"pct":11.7},"branchesTrue":{"total":0,"covered":0,"skipped":0,"pct":100}}
,"C:\\Users\\Usuario\\Desktop\\smart-campus-module-3\\apps\\workflow-service\\src\\app.controller.ts": {"lines":{"total":7,"covered":0,"skipped":0,"pct":0},"functions":{"total":2,"covered":0,"skipped":0,"pct":0},"statements":{"total":9,"covered":0,"skipped":0,"pct":0},"branches":{"total":0,"covered":0,"skipped":0,"pct":100}}
,"C:\\Users\\Usuario\\Desktop\\smart-campus-module-3\\apps\\workflow-service\\src\\app.module.ts": {"lines":{"total":12,"covered":0,"skipped":0,"pct":0},"functions":{"total":0,"covered":0,"skipped":0,"pct":100},"statements":{"total":14,"covered":0,"skipped":0,"pct":0},"branches":{"total":4,"covered":0,"skipped":0,"pct":0}}
,"C:\\Users\\Usuario\\Desktop\\smart-campus-module-3\\apps\\workflow-service\\src\\app.service.ts": {"lines":{"total":3,"covered":0,"skipped":0,"pct":0},"functions":{"total":1,"covered":0,"skipped":0,"pct":0},"statements":{"total":5,"covered":0,"skipped":0,"pct":0},"branches":{"total":2,"covered":0,"skipped":0,"pct":0}}
,"C:\\Users\\Usuario\\Desktop\\smart-campus-module-3\\apps\\workflow-service\\src\\main.ts": {"lines":{"total":20,"covered":0,"skipped":0,"pct":0},"functions":{"total":1,"covered":0,"skipped":0,"pct":0},"statements":{"total":20,"covered":0,"skipped":0,"pct":0},"branches":{"total":4,"covered":0,"skipped":0,"pct":0}}
,"C:\\Users\\Usuario\\Desktop\\smart-campus-module-3\\apps\\workflow-service\\src\\workflow.module.ts": {"lines":{"total":15,"covered":0,"skipped":0,"pct":0},"functions":{"total":0,"covered":0,"skipped":0,"pct":100},"statements":{"total":17,"covered":0,"skipped":0,"pct":0},"branches":{"total":0,"covered":0,"skipped":0,"pct":100}}
,"C:\\Users\\Usuario\\Desktop\\smart-campus-module-3\\apps\\workflow-service\\src\\application\\dto\\list-workflow-executions-query.dto.ts": {"lines":{"total":6,"covered":5,"skipped":0,"pct":83.33},"functions":{"total":1,"covered":0,"skipped":0,"pct":0},"statements":{"total":7,"covered":5,"skipped":0,"pct":71.42},"branches":{"total":0,"covered":0,"skipped":0,"pct":100}}
,"C:\\Users\\Usuario\\Desktop\\smart-campus-module-3\\apps\\workflow-service\\src\\application\\dto\\trigger-workflow.dto.ts": {"lines":{"total":10,"covered":10,"skipped":0,"pct":100},"functions":{"total":0,"covered":0,"skipped":0,"pct":100},"statements":{"total":10,"covered":10,"skipped":0,"pct":100},"branches":{"total":0,"covered":0,"skipped":0,"pct":100}}
,"C:\\Users\\Usuario\\Desktop\\smart-campus-module-3\\apps\\workflow-service\\src\\application\\dto\\workflow-event.dto.ts": {"lines":{"total":7,"covered":7,"skipped":0,"pct":100},"functions":{"total":0,"covered":0,"skipped":0,"pct":100},"statements":{"total":7,"covered":7,"skipped":0,"pct":100},"branches":{"total":0,"covered":0,"skipped":0,"pct":100}}
,"C:\\Users\\Usuario\\Desktop\\smart-campus-module-3\\apps\\workflow-service\\src\\application\\ports\\n8n-webhook.port.ts": {"lines":{"total":1,"covered":1,"skipped":0,"pct":100},"functions":{"total":0,"covered":0,"skipped":0,"pct":100},"statements":{"total":1,"covered":1,"skipped":0,"pct":100},"branches":{"total":0,"covered":0,"skipped":0,"pct":100}}
,"C:\\Users\\Usuario\\Desktop\\smart-campus-module-3\\apps\\workflow-service\\src\\application\\ports\\workflow-metrics.service.ts": {"lines":{"total":17,"covered":3,"skipped":0,"pct":17.64},"functions":{"total":3,"covered":0,"skipped":0,"pct":0},"statements":{"total":19,"covered":5,"skipped":0,"pct":26.31},"branches":{"total":0,"covered":0,"skipped":0,"pct":100}}
,"C:\\Users\\Usuario\\Desktop\\smart-campus-module-3\\apps\\workflow-service\\src\\application\\use-cases\\workflow.service.ts": {"lines":{"total":58,"covered":32,"skipped":0,"pct":55.17},"functions":{"total":10,"covered":4,"skipped":0,"pct":40},"statements":{"total":64,"covered":35,"skipped":0,"pct":54.68},"branches":{"total":25,"covered":5,"skipped":0,"pct":20}}
,"C:\\Users\\Usuario\\Desktop\\smart-campus-module-3\\apps\\workflow-service\\src\\common\\cache\\redis-cache.service.ts": {"lines":{"total":23,"covered":0,"skipped":0,"pct":0},"functions":{"total":5,"covered":0,"skipped":0,"pct":0},"statements":{"total":31,"covered":0,"skipped":0,"pct":0},"branches":{"total":13,"covered":0,"skipped":0,"pct":0}}
,"C:\\Users\\Usuario\\Desktop\\smart-campus-module-3\\apps\\workflow-service\\src\\common\\health\\health.controller.ts": {"lines":{"total":11,"covered":0,"skipped":0,"pct":0},"functions":{"total":2,"covered":0,"skipped":0,"pct":0},"statements":{"total":13,"covered":0,"skipped":0,"pct":0},"branches":{"total":4,"covered":0,"skipped":0,"pct":0}}
,"C:\\Users\\Usuario\\Desktop\\smart-campus-module-3\\apps\\workflow-service\\src\\common\\health\\health.module.ts": {"lines":{"total":4,"covered":0,"skipped":0,"pct":0},"functions":{"total":0,"covered":0,"skipped":0,"pct":100},"statements":{"total":6,"covered":0,"skipped":0,"pct":0},"branches":{"total":0,"covered":0,"skipped":0,"pct":100}}
,"C:\\Users\\Usuario\\Desktop\\smart-campus-module-3\\apps\\workflow-service\\src\\common\\logging\\logging.module.ts": {"lines":{"total":3,"covered":0,"skipped":0,"pct":0},"functions":{"total":0,"covered":0,"skipped":0,"pct":100},"statements":{"total":5,"covered":0,"skipped":0,"pct":0},"branches":{"total":0,"covered":0,"skipped":0,"pct":100}}
,"C:\\Users\\Usuario\\Desktop\\smart-campus-module-3\\apps\\workflow-service\\src\\common\\logging\\structured-logger.service.ts": {"lines":{"total":9,"covered":2,"skipped":0,"pct":22.22},"functions":{"total":6,"covered":0,"skipped":0,"pct":0},"statements":{"total":11,"covered":4,"skipped":0,"pct":36.36},"branches":{"total":2,"covered":0,"skipped":0,"pct":0}}
,"C:\\Users\\Usuario\\Desktop\\smart-campus-module-3\\apps\\workflow-service\\src\\common\\metrics\\metrics.controller.ts": {"lines":{"total":7,"covered":0,"skipped":0,"pct":0},"functions":{"total":1,"covered":0,"skipped":0,"pct":0},"statements":{"total":9,"covered":0,"skipped":0,"pct":0},"branches":{"total":0,"covered":0,"skipped":0,"pct":100}}
,"C:\\Users\\Usuario\\Desktop\\smart-campus-module-3\\apps\\workflow-service\\src\\common\\metrics\\metrics.module.ts": {"lines":{"total":3,"covered":0,"skipped":0,"pct":0},"functions":{"total":0,"covered":0,"skipped":0,"pct":100},"statements":{"total":5,"covered":0,"skipped":0,"pct":0},"branches":{"total":0,"covered":0,"skipped":0,"pct":100}}
,"C:\\Users\\Usuario\\Desktop\\smart-campus-module-3\\apps\\workflow-service\\src\\domain\\entities\\workflow-execution.model.ts": {"lines":{"total":14,"covered":0,"skipped":0,"pct":0},"functions":{"total":1,"covered":0,"skipped":0,"pct":0},"statements":{"total":14,"covered":0,"skipped":0,"pct":0},"branches":{"total":0,"covered":0,"skipped":0,"pct":100}}
,"C:\\Users\\Usuario\\Desktop\\smart-campus-module-3\\apps\\workflow-service\\src\\domain\\enums\\workflow-name.enum.ts": {"lines":{"total":5,"covered":5,"skipped":0,"pct":100},"functions":{"total":1,"covered":1,"skipped":0,"pct":100},"statements":{"total":5,"covered":5,"skipped":0,"pct":100},"branches":{"total":2,"covered":2,"skipped":0,"pct":100}}
,"C:\\Users\\Usuario\\Desktop\\smart-campus-module-3\\apps\\workflow-service\\src\\domain\\enums\\workflow-status.enum.ts": {"lines":{"total":5,"covered":5,"skipped":0,"pct":100},"functions":{"total":1,"covered":1,"skipped":0,"pct":100},"statements":{"total":5,"covered":5,"skipped":0,"pct":100},"branches":{"total":2,"covered":2,"skipped":0,"pct":100}}
,"C:\\Users\\Usuario\\Desktop\\smart-campus-module-3\\apps\\workflow-service\\src\\domain\\repositories\\workflow-execution.repository.ts": {"lines":{"total":1,"covered":1,"skipped":0,"pct":100},"functions":{"total":0,"covered":0,"skipped":0,"pct":100},"statements":{"total":1,"covered":1,"skipped":0,"pct":100},"branches":{"total":0,"covered":0,"skipped":0,"pct":100}}
,"C:\\Users\\Usuario\\Desktop\\smart-campus-module-3\\apps\\workflow-service\\src\\infrastructure\\cache\\workflow-cache.service.ts": {"lines":{"total":30,"covered":3,"skipped":0,"pct":10},"functions":{"total":6,"covered":0,"skipped":0,"pct":0},"statements":{"total":40,"covered":5,"skipped":0,"pct":12.5},"branches":{"total":13,"covered":0,"skipped":0,"pct":0}}
,"C:\\Users\\Usuario\\Desktop\\smart-campus-module-3\\apps\\workflow-service\\src\\infrastructure\\database\\typeorm-workflow-execution.repository.ts": {"lines":{"total":16,"covered":0,"skipped":0,"pct":0},"functions":{"total":7,"covered":0,"skipped":0,"pct":0},"statements":{"total":19,"covered":0,"skipped":0,"pct":0},"branches":{"total":3,"covered":0,"skipped":0,"pct":0}}
,"C:\\Users\\Usuario\\Desktop\\smart-campus-module-3\\apps\\workflow-service\\src\\infrastructure\\database\\workflow-execution.entity.ts": {"lines":{"total":16,"covered":0,"skipped":0,"pct":0},"functions":{"total":0,"covered":0,"skipped":0,"pct":100},"statements":{"total":18,"covered":0,"skipped":0,"pct":0},"branches":{"total":0,"covered":0,"skipped":0,"pct":100}}
,"C:\\Users\\Usuario\\Desktop\\smart-campus-module-3\\apps\\workflow-service\\src\\infrastructure\\n8n\\n8n-webhook.adapter.ts": {"lines":{"total":16,"covered":13,"skipped":0,"pct":81.25},"functions":{"total":1,"covered":1,"skipped":0,"pct":100},"statements":{"total":18,"covered":15,"skipped":0,"pct":83.33},"branches":{"total":4,"covered":1,"skipped":0,"pct":25}}
,"C:\\Users\\Usuario\\Desktop\\smart-campus-module-3\\apps\\workflow-service\\src\\interfaces\\http\\workflow.controller.ts": {"lines":{"total":25,"covered":19,"skipped":0,"pct":76},"functions":{"total":8,"covered":2,"skipped":0,"pct":25},"statements":{"total":27,"covered":21,"skipped":0,"pct":77.77},"branches":{"total":2,"covered":1,"skipped":0,"pct":50}}
,"C:\\Users\\Usuario\\Desktop\\smart-campus-module-3\\apps\\workflow-service\\src\\security\\jwt-auth.guard.ts": {"lines":{"total":12,"covered":4,"skipped":0,"pct":33.33},"functions":{"total":2,"covered":1,"skipped":0,"pct":50},"statements":{"total":15,"covered":6,"skipped":0,"pct":40},"branches":{"total":5,"covered":0,"skipped":0,"pct":0}}
,"C:\\Users\\Usuario\\Desktop\\smart-campus-module-3\\apps\\workflow-service\\src\\security\\roles.decorator.ts": {"lines":{"total":3,"covered":3,"skipped":0,"pct":100},"functions":{"total":1,"covered":1,"skipped":0,"pct":100},"statements":{"total":5,"covered":5,"skipped":0,"pct":100},"branches":{"total":0,"covered":0,"skipped":0,"pct":100}}
,"C:\\Users\\Usuario\\Desktop\\smart-campus-module-3\\apps\\workflow-service\\src\\security\\roles.guard.ts": {"lines":{"total":13,"covered":5,"skipped":0,"pct":38.46},"functions":{"total":3,"covered":1,"skipped":0,"pct":33.33},"statements":{"total":18,"covered":7,"skipped":0,"pct":38.88},"branches":{"total":9,"covered":0,"skipped":0,"pct":0}}
}
