{"total": {"lines":{"total":341,"covered":108,"skipped":0,"pct":31.67},"statements":{"total":392,"covered":120,"skipped":0,"pct":30.61},"functions":{"total":65,"covered":11,"skipped":0,"pct":16.92},"branches":{"total":63,"covered":10,"skipped":0,"pct":15.87},"branchesTrue":{"total":0,"covered":0,"skipped":0,"pct":100}}
,"C:\\Users\\Usuario\\Desktop\\smart-campus-module-3\\apps\\space-availability-service\\src\\app.controller.ts": {"lines":{"total":7,"covered":0,"skipped":0,"pct":0},"functions":{"total":2,"covered":0,"skipped":0,"pct":0},"statements":{"total":9,"covered":0,"skipped":0,"pct":0},"branches":{"total":0,"covered":0,"skipped":0,"pct":100}}
,"C:\\Users\\Usuario\\Desktop\\smart-campus-module-3\\apps\\space-availability-service\\src\\app.module.ts": {"lines":{"total":10,"covered":0,"skipped":0,"pct":0},"functions":{"total":0,"covered":0,"skipped":0,"pct":100},"statements":{"total":12,"covered":0,"skipped":0,"pct":0},"branches":{"total":0,"covered":0,"skipped":0,"pct":100}}
,"C:\\Users\\Usuario\\Desktop\\smart-campus-module-3\\apps\\space-availability-service\\src\\app.service.ts": {"lines":{"total":3,"covered":3,"skipped":0,"pct":100},"functions":{"total":1,"covered":1,"skipped":0,"pct":100},"statements":{"total":5,"covered":5,"skipped":0,"pct":100},"branches":{"total":0,"covered":0,"skipped":0,"pct":100}}
,"C:\\Users\\Usuario\\Desktop\\smart-campus-module-3\\apps\\space-availability-service\\src\\main.ts": {"lines":{"total":20,"covered":0,"skipped":0,"pct":0},"functions":{"total":1,"covered":0,"skipped":0,"pct":0},"statements":{"total":20,"covered":0,"skipped":0,"pct":0},"branches":{"total":4,"covered":0,"skipped":0,"pct":0}}
,"C:\\Users\\Usuario\\Desktop\\smart-campus-module-3\\apps\\space-availability-service\\src\\common\\cache\\redis-cache.service.ts": {"lines":{"total":23,"covered":3,"skipped":0,"pct":13.04},"functions":{"total":5,"covered":0,"skipped":0,"pct":0},"statements":{"total":31,"covered":5,"skipped":0,"pct":16.12},"branches":{"total":13,"covered":0,"skipped":0,"pct":0}}
,"C:\\Users\\Usuario\\Desktop\\smart-campus-module-3\\apps\\space-availability-service\\src\\common\\health\\health.controller.ts": {"lines":{"total":11,"covered":0,"skipped":0,"pct":0},"functions":{"total":2,"covered":0,"skipped":0,"pct":0},"statements":{"total":13,"covered":0,"skipped":0,"pct":0},"branches":{"total":4,"covered":0,"skipped":0,"pct":0}}
,"C:\\Users\\Usuario\\Desktop\\smart-campus-module-3\\apps\\space-availability-service\\src\\common\\health\\health.module.ts": {"lines":{"total":4,"covered":0,"skipped":0,"pct":0},"functions":{"total":0,"covered":0,"skipped":0,"pct":100},"statements":{"total":6,"covered":0,"skipped":0,"pct":0},"branches":{"total":0,"covered":0,"skipped":0,"pct":100}}
,"C:\\Users\\Usuario\\Desktop\\smart-campus-module-3\\apps\\space-availability-service\\src\\common\\logging\\logging.module.ts": {"lines":{"total":3,"covered":0,"skipped":0,"pct":0},"functions":{"total":0,"covered":0,"skipped":0,"pct":100},"statements":{"total":5,"covered":0,"skipped":0,"pct":0},"branches":{"total":0,"covered":0,"skipped":0,"pct":100}}
,"C:\\Users\\Usuario\\Desktop\\smart-campus-module-3\\apps\\space-availability-service\\src\\common\\logging\\structured-logger.service.ts": {"lines":{"total":9,"covered":2,"skipped":0,"pct":22.22},"functions":{"total":6,"covered":0,"skipped":0,"pct":0},"statements":{"total":11,"covered":4,"skipped":0,"pct":36.36},"branches":{"total":2,"covered":0,"skipped":0,"pct":0}}
,"C:\\Users\\Usuario\\Desktop\\smart-campus-module-3\\apps\\space-availability-service\\src\\common\\metrics\\metrics.controller.ts": {"lines":{"total":7,"covered":0,"skipped":0,"pct":0},"functions":{"total":1,"covered":0,"skipped":0,"pct":0},"statements":{"total":9,"covered":0,"skipped":0,"pct":0},"branches":{"total":0,"covered":0,"skipped":0,"pct":100}}
,"C:\\Users\\Usuario\\Desktop\\smart-campus-module-3\\apps\\space-availability-service\\src\\common\\metrics\\metrics.module.ts": {"lines":{"total":3,"covered":0,"skipped":0,"pct":0},"functions":{"total":0,"covered":0,"skipped":0,"pct":100},"statements":{"total":5,"covered":0,"skipped":0,"pct":0},"branches":{"total":0,"covered":0,"skipped":0,"pct":100}}
,"C:\\Users\\Usuario\\Desktop\\smart-campus-module-3\\apps\\space-availability-service\\src\\rabbitmq\\rabbitmq-publisher.module.ts": {"lines":{"total":3,"covered":0,"skipped":0,"pct":0},"functions":{"total":0,"covered":0,"skipped":0,"pct":100},"statements":{"total":5,"covered":0,"skipped":0,"pct":0},"branches":{"total":0,"covered":0,"skipped":0,"pct":100}}
,"C:\\Users\\Usuario\\Desktop\\smart-campus-module-3\\apps\\space-availability-service\\src\\rabbitmq\\rabbitmq-publisher.service.ts": {"lines":{"total":21,"covered":3,"skipped":0,"pct":14.28},"functions":{"total":3,"covered":0,"skipped":0,"pct":0},"statements":{"total":23,"covered":5,"skipped":0,"pct":21.73},"branches":{"total":6,"covered":0,"skipped":0,"pct":0}}
,"C:\\Users\\Usuario\\Desktop\\smart-campus-module-3\\apps\\space-availability-service\\src\\space\\space.module.ts": {"lines":{"total":11,"covered":0,"skipped":0,"pct":0},"functions":{"total":0,"covered":0,"skipped":0,"pct":100},"statements":{"total":13,"covered":0,"skipped":0,"pct":0},"branches":{"total":0,"covered":0,"skipped":0,"pct":100}}
,"C:\\Users\\Usuario\\Desktop\\smart-campus-module-3\\apps\\space-availability-service\\src\\space\\application\\dto\\create-space-reservation.dto.ts": {"lines":{"total":8,"covered":8,"skipped":0,"pct":100},"functions":{"total":0,"covered":0,"skipped":0,"pct":100},"statements":{"total":8,"covered":8,"skipped":0,"pct":100},"branches":{"total":0,"covered":0,"skipped":0,"pct":100}}
,"C:\\Users\\Usuario\\Desktop\\smart-campus-module-3\\apps\\space-availability-service\\src\\space\\application\\dto\\create-space.dto.ts": {"lines":{"total":13,"covered":13,"skipped":0,"pct":100},"functions":{"total":0,"covered":0,"skipped":0,"pct":100},"statements":{"total":13,"covered":13,"skipped":0,"pct":100},"branches":{"total":0,"covered":0,"skipped":0,"pct":100}}
,"C:\\Users\\Usuario\\Desktop\\smart-campus-module-3\\apps\\space-availability-service\\src\\space\\application\\dto\\update-space-availability.dto.ts": {"lines":{"total":5,"covered":5,"skipped":0,"pct":100},"functions":{"total":0,"covered":0,"skipped":0,"pct":100},"statements":{"total":5,"covered":5,"skipped":0,"pct":100},"branches":{"total":0,"covered":0,"skipped":0,"pct":100}}
,"C:\\Users\\Usuario\\Desktop\\smart-campus-module-3\\apps\\space-availability-service\\src\\space\\application\\dto\\update-space.dto.ts": {"lines":{"total":3,"covered":3,"skipped":0,"pct":100},"functions":{"total":0,"covered":0,"skipped":0,"pct":100},"statements":{"total":3,"covered":3,"skipped":0,"pct":100},"branches":{"total":0,"covered":0,"skipped":0,"pct":100}}
,"C:\\Users\\Usuario\\Desktop\\smart-campus-module-3\\apps\\space-availability-service\\src\\space\\application\\ports\\space-repository.port.ts": {"lines":{"total":1,"covered":1,"skipped":0,"pct":100},"functions":{"total":0,"covered":0,"skipped":0,"pct":100},"statements":{"total":1,"covered":1,"skipped":0,"pct":100},"branches":{"total":0,"covered":0,"skipped":0,"pct":100}}
,"C:\\Users\\Usuario\\Desktop\\smart-campus-module-3\\apps\\space-availability-service\\src\\space\\application\\use-cases\\space.service.ts": {"lines":{"total":62,"covered":27,"skipped":0,"pct":43.54},"functions":{"total":14,"covered":5,"skipped":0,"pct":35.71},"statements":{"total":72,"covered":29,"skipped":0,"pct":40.27},"branches":{"total":17,"covered":4,"skipped":0,"pct":23.52}}
,"C:\\Users\\Usuario\\Desktop\\smart-campus-module-3\\apps\\space-availability-service\\src\\space\\domain\\space-status.enum.ts": {"lines":{"total":16,"covered":16,"skipped":0,"pct":100},"functions":{"total":3,"covered":3,"skipped":0,"pct":100},"statements":{"total":16,"covered":16,"skipped":0,"pct":100},"branches":{"total":6,"covered":6,"skipped":0,"pct":100}}
,"C:\\Users\\Usuario\\Desktop\\smart-campus-module-3\\apps\\space-availability-service\\src\\space\\domain\\space.model.ts": {"lines":{"total":19,"covered":0,"skipped":0,"pct":0},"functions":{"total":3,"covered":0,"skipped":0,"pct":0},"statements":{"total":21,"covered":0,"skipped":0,"pct":0},"branches":{"total":5,"covered":0,"skipped":0,"pct":0}}
,"C:\\Users\\Usuario\\Desktop\\smart-campus-module-3\\apps\\space-availability-service\\src\\space\\infrastructure\\entities\\space.entity.ts": {"lines":{"total":14,"covered":0,"skipped":0,"pct":0},"functions":{"total":0,"covered":0,"skipped":0,"pct":100},"statements":{"total":16,"covered":0,"skipped":0,"pct":0},"branches":{"total":0,"covered":0,"skipped":0,"pct":100}}
,"C:\\Users\\Usuario\\Desktop\\smart-campus-module-3\\apps\\space-availability-service\\src\\space\\infrastructure\\repositories\\typeorm-space.repository.ts": {"lines":{"total":29,"covered":0,"skipped":0,"pct":0},"functions":{"total":10,"covered":0,"skipped":0,"pct":0},"statements":{"total":32,"covered":0,"skipped":0,"pct":0},"branches":{"total":6,"covered":0,"skipped":0,"pct":0}}
,"C:\\Users\\Usuario\\Desktop\\smart-campus-module-3\\apps\\space-availability-service\\src\\space\\interfaces\\http\\space.controller.ts": {"lines":{"total":36,"covered":24,"skipped":0,"pct":66.66},"functions":{"total":14,"covered":2,"skipped":0,"pct":14.28},"statements":{"total":38,"covered":26,"skipped":0,"pct":68.42},"branches":{"total":0,"covered":0,"skipped":0,"pct":100}}
}
