{"total": {"lines":{"total":299,"covered":100,"skipped":0,"pct":33.44},"statements":{"total":325,"covered":112,"skipped":0,"pct":34.46},"functions":{"total":80,"covered":5,"skipped":0,"pct":6.25},"branches":{"total":170,"covered":0,"skipped":0,"pct":0},"branchesTrue":{"total":0,"covered":0,"skipped":0,"pct":100}}
,"C:\\Users\\Usuario\\Desktop\\smart-campus-module-3\\apps\\api-gateway\\src\\app.controller.ts": {"lines":{"total":6,"covered":6,"skipped":0,"pct":100},"functions":{"total":2,"covered":2,"skipped":0,"pct":100},"statements":{"total":8,"covered":8,"skipped":0,"pct":100},"branches":{"total":0,"covered":0,"skipped":0,"pct":100}}
,"C:\\Users\\Usuario\\Desktop\\smart-campus-module-3\\apps\\api-gateway\\src\\app.module.ts": {"lines":{"total":7,"covered":0,"skipped":0,"pct":0},"functions":{"total":0,"covered":0,"skipped":0,"pct":100},"statements":{"total":9,"covered":0,"skipped":0,"pct":0},"branches":{"total":0,"covered":0,"skipped":0,"pct":100}}
,"C:\\Users\\Usuario\\Desktop\\smart-campus-module-3\\apps\\api-gateway\\src\\app.service.ts": {"lines":{"total":3,"covered":3,"skipped":0,"pct":100},"functions":{"total":1,"covered":1,"skipped":0,"pct":100},"statements":{"total":5,"covered":5,"skipped":0,"pct":100},"branches":{"total":0,"covered":0,"skipped":0,"pct":100}}
,"C:\\Users\\Usuario\\Desktop\\smart-campus-module-3\\apps\\api-gateway\\src\\main.ts": {"lines":{"total":18,"covered":0,"skipped":0,"pct":0},"functions":{"total":1,"covered":0,"skipped":0,"pct":0},"statements":{"total":18,"covered":0,"skipped":0,"pct":0},"branches":{"total":4,"covered":0,"skipped":0,"pct":0}}
,"C:\\Users\\Usuario\\Desktop\\smart-campus-module-3\\apps\\api-gateway\\src\\health\\health.controller.ts": {"lines":{"total":5,"covered":4,"skipped":0,"pct":80},"functions":{"total":1,"covered":0,"skipped":0,"pct":0},"statements":{"total":7,"covered":6,"skipped":0,"pct":85.71},"branches":{"total":2,"covered":0,"skipped":0,"pct":0}}
,"C:\\Users\\Usuario\\Desktop\\smart-campus-module-3\\apps\\api-gateway\\src\\health\\health.module.ts": {"lines":{"total":3,"covered":0,"skipped":0,"pct":0},"functions":{"total":0,"covered":0,"skipped":0,"pct":100},"statements":{"total":5,"covered":0,"skipped":0,"pct":0},"branches":{"total":0,"covered":0,"skipped":0,"pct":100}}
,"C:\\Users\\Usuario\\Desktop\\smart-campus-module-3\\apps\\api-gateway\\src\\metrics\\metrics.controller.ts": {"lines":{"total":7,"covered":6,"skipped":0,"pct":85.71},"functions":{"total":1,"covered":0,"skipped":0,"pct":0},"statements":{"total":9,"covered":8,"skipped":0,"pct":88.88},"branches":{"total":0,"covered":0,"skipped":0,"pct":100}}
,"C:\\Users\\Usuario\\Desktop\\smart-campus-module-3\\apps\\api-gateway\\src\\metrics\\metrics.module.ts": {"lines":{"total":3,"covered":0,"skipped":0,"pct":0},"functions":{"total":0,"covered":0,"skipped":0,"pct":100},"statements":{"total":5,"covered":0,"skipped":0,"pct":0},"branches":{"total":0,"covered":0,"skipped":0,"pct":100}}
,"C:\\Users\\Usuario\\Desktop\\smart-campus-module-3\\apps\\api-gateway\\src\\proxy\\proxy.controller.ts": {"lines":{"total":231,"covered":76,"skipped":0,"pct":32.9},"functions":{"total":72,"covered":1,"skipped":0,"pct":1.38},"statements":{"total":239,"covered":78,"skipped":0,"pct":32.63},"branches":{"total":158,"covered":0,"skipped":0,"pct":0}}
,"C:\\Users\\Usuario\\Desktop\\smart-campus-module-3\\apps\\api-gateway\\src\\proxy\\proxy.module.ts": {"lines":{"total":5,"covered":0,"skipped":0,"pct":0},"functions":{"total":0,"covered":0,"skipped":0,"pct":100},"statements":{"total":7,"covered":0,"skipped":0,"pct":0},"branches":{"total":0,"covered":0,"skipped":0,"pct":100}}
,"C:\\Users\\Usuario\\Desktop\\smart-campus-module-3\\apps\\api-gateway\\src\\proxy\\proxy.service.ts": {"lines":{"total":11,"covered":5,"skipped":0,"pct":45.45},"functions":{"total":2,"covered":1,"skipped":0,"pct":50},"statements":{"total":13,"covered":7,"skipped":0,"pct":53.84},"branches":{"total":6,"covered":0,"skipped":0,"pct":0}}
}
