{"total": {"lines":{"total":325,"covered":153,"skipped":0,"pct":47.07},"statements":{"total":380,"covered":189,"skipped":0,"pct":49.73},"functions":{"total":50,"covered":12,"skipped":0,"pct":24},"branches":{"total":46,"covered":2,"skipped":0,"pct":4.34},"branchesTrue":{"total":0,"covered":0,"skipped":0,"pct":100}}
,"C:\\Users\\Usuario\\Desktop\\smart-campus-module-3\\apps\\auth-service\\src\\app.controller.ts": {"lines":{"total":6,"covered":6,"skipped":0,"pct":100},"functions":{"total":2,"covered":2,"skipped":0,"pct":100},"statements":{"total":8,"covered":8,"skipped":0,"pct":100},"branches":{"total":0,"covered":0,"skipped":0,"pct":100}}
,"C:\\Users\\Usuario\\Desktop\\smart-campus-module-3\\apps\\auth-service\\src\\app.module.ts": {"lines":{"total":16,"covered":0,"skipped":0,"pct":0},"functions":{"total":0,"covered":0,"skipped":0,"pct":100},"statements":{"total":18,"covered":0,"skipped":0,"pct":0},"branches":{"total":2,"covered":0,"skipped":0,"pct":0}}
,"C:\\Users\\Usuario\\Desktop\\smart-campus-module-3\\apps\\auth-service\\src\\app.service.ts": {"lines":{"total":3,"covered":3,"skipped":0,"pct":100},"functions":{"total":1,"covered":1,"skipped":0,"pct":100},"statements":{"total":5,"covered":5,"skipped":0,"pct":100},"branches":{"total":0,"covered":0,"skipped":0,"pct":100}}
,"C:\\Users\\Usuario\\Desktop\\smart-campus-module-3\\apps\\auth-service\\src\\main.ts": {"lines":{"total":18,"covered":0,"skipped":0,"pct":0},"functions":{"total":1,"covered":0,"skipped":0,"pct":0},"statements":{"total":18,"covered":0,"skipped":0,"pct":0},"branches":{"total":4,"covered":0,"skipped":0,"pct":0}}
,"C:\\Users\\Usuario\\Desktop\\smart-campus-module-3\\apps\\auth-service\\src\\audit\\audit.module.ts": {"lines":{"total":5,"covered":0,"skipped":0,"pct":0},"functions":{"total":0,"covered":0,"skipped":0,"pct":100},"statements":{"total":7,"covered":0,"skipped":0,"pct":0},"branches":{"total":0,"covered":0,"skipped":0,"pct":100}}
,"C:\\Users\\Usuario\\Desktop\\smart-campus-module-3\\apps\\auth-service\\src\\audit\\audit.service.ts": {"lines":{"total":8,"covered":6,"skipped":0,"pct":75},"functions":{"total":2,"covered":1,"skipped":0,"pct":50},"statements":{"total":10,"covered":8,"skipped":0,"pct":80},"branches":{"total":0,"covered":0,"skipped":0,"pct":100}}
,"C:\\Users\\Usuario\\Desktop\\smart-campus-module-3\\apps\\auth-service\\src\\audit\\entities\\audit-log.entity.ts": {"lines":{"total":8,"covered":8,"skipped":0,"pct":100},"functions":{"total":0,"covered":0,"skipped":0,"pct":100},"statements":{"total":10,"covered":10,"skipped":0,"pct":100},"branches":{"total":0,"covered":0,"skipped":0,"pct":100}}
,"C:\\Users\\Usuario\\Desktop\\smart-campus-module-3\\apps\\auth-service\\src\\auth\\auth.controller.ts": {"lines":{"total":26,"covered":19,"skipped":0,"pct":73.07},"functions":{"total":8,"covered":1,"skipped":0,"pct":12.5},"statements":{"total":28,"covered":21,"skipped":0,"pct":75},"branches":{"total":0,"covered":0,"skipped":0,"pct":100}}
,"C:\\Users\\Usuario\\Desktop\\smart-campus-module-3\\apps\\auth-service\\src\\auth\\auth.module.ts": {"lines":{"total":10,"covered":0,"skipped":0,"pct":0},"functions":{"total":0,"covered":0,"skipped":0,"pct":100},"statements":{"total":12,"covered":0,"skipped":0,"pct":0},"branches":{"total":2,"covered":0,"skipped":0,"pct":0}}
,"C:\\Users\\Usuario\\Desktop\\smart-campus-module-3\\apps\\auth-service\\src\\auth\\auth.service.ts": {"lines":{"total":36,"covered":11,"skipped":0,"pct":30.55},"functions":{"total":8,"covered":1,"skipped":0,"pct":12.5},"statements":{"total":38,"covered":13,"skipped":0,"pct":34.21},"branches":{"total":9,"covered":0,"skipped":0,"pct":0}}
,"C:\\Users\\Usuario\\Desktop\\smart-campus-module-3\\apps\\auth-service\\src\\auth\\decorators\\current-user.decorator.ts": {"lines":{"total":4,"covered":2,"skipped":0,"pct":50},"functions":{"total":1,"covered":0,"skipped":0,"pct":0},"statements":{"total":4,"covered":2,"skipped":0,"pct":50},"branches":{"total":0,"covered":0,"skipped":0,"pct":100}}
,"C:\\Users\\Usuario\\Desktop\\smart-campus-module-3\\apps\\auth-service\\src\\auth\\decorators\\roles.decorator.ts": {"lines":{"total":3,"covered":3,"skipped":0,"pct":100},"functions":{"total":1,"covered":1,"skipped":0,"pct":100},"statements":{"total":5,"covered":5,"skipped":0,"pct":100},"branches":{"total":0,"covered":0,"skipped":0,"pct":100}}
,"C:\\Users\\Usuario\\Desktop\\smart-campus-module-3\\apps\\auth-service\\src\\auth\\dto\\login.dto.ts": {"lines":{"total":5,"covered":5,"skipped":0,"pct":100},"functions":{"total":0,"covered":0,"skipped":0,"pct":100},"statements":{"total":5,"covered":5,"skipped":0,"pct":100},"branches":{"total":0,"covered":0,"skipped":0,"pct":100}}
,"C:\\Users\\Usuario\\Desktop\\smart-campus-module-3\\apps\\auth-service\\src\\auth\\dto\\register.dto.ts": {"lines":{"total":7,"covered":7,"skipped":0,"pct":100},"functions":{"total":0,"covered":0,"skipped":0,"pct":100},"statements":{"total":7,"covered":7,"skipped":0,"pct":100},"branches":{"total":0,"covered":0,"skipped":0,"pct":100}}
,"C:\\Users\\Usuario\\Desktop\\smart-campus-module-3\\apps\\auth-service\\src\\auth\\enums\\role.enum.ts": {"lines":{"total":4,"covered":4,"skipped":0,"pct":100},"functions":{"total":1,"covered":1,"skipped":0,"pct":100},"statements":{"total":4,"covered":4,"skipped":0,"pct":100},"branches":{"total":2,"covered":2,"skipped":0,"pct":100}}
,"C:\\Users\\Usuario\\Desktop\\smart-campus-module-3\\apps\\auth-service\\src\\auth\\guards\\jwt-auth.guard.ts": {"lines":{"total":3,"covered":3,"skipped":0,"pct":100},"functions":{"total":0,"covered":0,"skipped":0,"pct":100},"statements":{"total":5,"covered":5,"skipped":0,"pct":100},"branches":{"total":0,"covered":0,"skipped":0,"pct":100}}
,"C:\\Users\\Usuario\\Desktop\\smart-campus-module-3\\apps\\auth-service\\src\\auth\\guards\\roles.guard.ts": {"lines":{"total":13,"covered":5,"skipped":0,"pct":38.46},"functions":{"total":3,"covered":1,"skipped":0,"pct":33.33},"statements":{"total":16,"covered":7,"skipped":0,"pct":43.75},"branches":{"total":6,"covered":0,"skipped":0,"pct":0}}
,"C:\\Users\\Usuario\\Desktop\\smart-campus-module-3\\apps\\auth-service\\src\\auth\\strategies\\jwt.strategy.ts": {"lines":{"total":12,"covered":0,"skipped":0,"pct":0},"functions":{"total":3,"covered":0,"skipped":0,"pct":0},"statements":{"total":14,"covered":0,"skipped":0,"pct":0},"branches":{"total":8,"covered":0,"skipped":0,"pct":0}}
,"C:\\Users\\Usuario\\Desktop\\smart-campus-module-3\\apps\\auth-service\\src\\health\\health.controller.ts": {"lines":{"total":5,"covered":4,"skipped":0,"pct":80},"functions":{"total":1,"covered":0,"skipped":0,"pct":0},"statements":{"total":7,"covered":6,"skipped":0,"pct":85.71},"branches":{"total":2,"covered":0,"skipped":0,"pct":0}}
,"C:\\Users\\Usuario\\Desktop\\smart-campus-module-3\\apps\\auth-service\\src\\health\\health.module.ts": {"lines":{"total":3,"covered":0,"skipped":0,"pct":0},"functions":{"total":0,"covered":0,"skipped":0,"pct":100},"statements":{"total":5,"covered":0,"skipped":0,"pct":0},"branches":{"total":0,"covered":0,"skipped":0,"pct":100}}
,"C:\\Users\\Usuario\\Desktop\\smart-campus-module-3\\apps\\auth-service\\src\\metrics\\metrics.controller.ts": {"lines":{"total":7,"covered":6,"skipped":0,"pct":85.71},"functions":{"total":1,"covered":0,"skipped":0,"pct":0},"statements":{"total":9,"covered":8,"skipped":0,"pct":88.88},"branches":{"total":0,"covered":0,"skipped":0,"pct":100}}
,"C:\\Users\\Usuario\\Desktop\\smart-campus-module-3\\apps\\auth-service\\src\\metrics\\metrics.module.ts": {"lines":{"total":3,"covered":0,"skipped":0,"pct":0},"functions":{"total":0,"covered":0,"skipped":0,"pct":100},"statements":{"total":5,"covered":0,"skipped":0,"pct":0},"branches":{"total":0,"covered":0,"skipped":0,"pct":100}}
,"C:\\Users\\Usuario\\Desktop\\smart-campus-module-3\\apps\\auth-service\\src\\rabbitmq\\rabbitmq-publisher.service.ts": {"lines":{"total":15,"covered":3,"skipped":0,"pct":20},"functions":{"total":1,"covered":0,"skipped":0,"pct":0},"statements":{"total":17,"covered":5,"skipped":0,"pct":29.41},"branches":{"total":4,"covered":0,"skipped":0,"pct":0}}
,"C:\\Users\\Usuario\\Desktop\\smart-campus-module-3\\apps\\auth-service\\src\\rabbitmq\\rabbitmq.module.ts": {"lines":{"total":3,"covered":0,"skipped":0,"pct":0},"functions":{"total":0,"covered":0,"skipped":0,"pct":100},"statements":{"total":5,"covered":0,"skipped":0,"pct":0},"branches":{"total":0,"covered":0,"skipped":0,"pct":100}}
,"C:\\Users\\Usuario\\Desktop\\smart-campus-module-3\\apps\\auth-service\\src\\roles\\roles.module.ts": {"lines":{"total":6,"covered":0,"skipped":0,"pct":0},"functions":{"total":0,"covered":0,"skipped":0,"pct":100},"statements":{"total":8,"covered":0,"skipped":0,"pct":0},"branches":{"total":0,"covered":0,"skipped":0,"pct":100}}
,"C:\\Users\\Usuario\\Desktop\\smart-campus-module-3\\apps\\auth-service\\src\\roles\\roles.service.ts": {"lines":{"total":18,"covered":9,"skipped":0,"pct":50},"functions":{"total":4,"covered":1,"skipped":0,"pct":25},"statements":{"total":20,"covered":11,"skipped":0,"pct":55},"branches":{"total":1,"covered":0,"skipped":0,"pct":0}}
,"C:\\Users\\Usuario\\Desktop\\smart-campus-module-3\\apps\\auth-service\\src\\roles\\entities\\permission.entity.ts": {"lines":{"total":5,"covered":5,"skipped":0,"pct":100},"functions":{"total":0,"covered":0,"skipped":0,"pct":100},"statements":{"total":7,"covered":7,"skipped":0,"pct":100},"branches":{"total":0,"covered":0,"skipped":0,"pct":100}}
,"C:\\Users\\Usuario\\Desktop\\smart-campus-module-3\\apps\\auth-service\\src\\roles\\entities\\role.entity.ts": {"lines":{"total":7,"covered":6,"skipped":0,"pct":85.71},"functions":{"total":1,"covered":0,"skipped":0,"pct":0},"statements":{"total":9,"covered":8,"skipped":0,"pct":88.88},"branches":{"total":0,"covered":0,"skipped":0,"pct":100}}
,"C:\\Users\\Usuario\\Desktop\\smart-campus-module-3\\apps\\auth-service\\src\\users\\users.controller.ts": {"lines":{"total":14,"covered":12,"skipped":0,"pct":85.71},"functions":{"total":3,"covered":1,"skipped":0,"pct":33.33},"statements":{"total":16,"covered":14,"skipped":0,"pct":87.5},"branches":{"total":0,"covered":0,"skipped":0,"pct":100}}
,"C:\\Users\\Usuario\\Desktop\\smart-campus-module-3\\apps\\auth-service\\src\\users\\users.module.ts": {"lines":{"total":7,"covered":0,"skipped":0,"pct":0},"functions":{"total":0,"covered":0,"skipped":0,"pct":100},"statements":{"total":9,"covered":0,"skipped":0,"pct":0},"branches":{"total":0,"covered":0,"skipped":0,"pct":100}}
,"C:\\Users\\Usuario\\Desktop\\smart-campus-module-3\\apps\\auth-service\\src\\users\\users.service.ts": {"lines":{"total":27,"covered":9,"skipped":0,"pct":33.33},"functions":{"total":7,"covered":1,"skipped":0,"pct":14.28},"statements":{"total":29,"covered":11,"skipped":0,"pct":37.93},"branches":{"total":6,"covered":0,"skipped":0,"pct":0}}
,"C:\\Users\\Usuario\\Desktop\\smart-campus-module-3\\apps\\auth-service\\src\\users\\dto\\update-user-roles.dto.ts": {"lines":{"total":5,"covered":5,"skipped":0,"pct":100},"functions":{"total":0,"covered":0,"skipped":0,"pct":100},"statements":{"total":5,"covered":5,"skipped":0,"pct":100},"branches":{"total":0,"covered":0,"skipped":0,"pct":100}}
,"C:\\Users\\Usuario\\Desktop\\smart-campus-module-3\\apps\\auth-service\\src\\users\\entities\\user.entity.ts": {"lines":{"total":13,"covered":12,"skipped":0,"pct":92.3},"functions":{"total":1,"covered":0,"skipped":0,"pct":0},"statements":{"total":15,"covered":14,"skipped":0,"pct":93.33},"branches":{"total":0,"covered":0,"skipped":0,"pct":100}}
}
